0000000000000000 0000000000000401 b __fixedpath
0000000000000000 A __start__
0000000000000000 T _start
0000000000000000 b _TLS_MODULE_BASE_
0000000000000080 t startup
00000000000000b0 t bss_loop
0000000000000104 T __nx_exit
0000000000000118 T _init
0000000000000180 00000000000001dc T main
0000000000000360 t deregister_tm_clones
0000000000000390 t register_tm_clones
00000000000003c8 t __do_global_dtors_aux
0000000000000408 0000000000002000 b tmp_buffer.6653
0000000000000410 t frame_dummy
0000000000000450 0000000000000294 T consoleDrawChar
00000000000006f0 0000000000000164 T consolePrintChar
0000000000000860 0000000000000170 t consoleClearLine
00000000000009d0 00000000000001c4 t newRow
0000000000000ba0 000000000000018c t consoleCls
0000000000000d30 00000000000000f8 T consoleInit
0000000000000e30 0000000000000854 t con_write
0000000000001690 0000000000000034 t ipcCloseObjectById
00000000000016d0 0000000000000124 t _appletGetHandle
0000000000001800 00000000000000e0 t _appletGetOperationMode.constprop.13
00000000000018e0 00000000000000e0 t _appletGetCurrentFocusState.constprop.15
00000000000019c0 00000000000000ec t _appletReceiveMessage
0000000000001ab0 00000000000000e0 t _appletGetPerformanceMode.constprop.14
0000000000001b90 00000000000000cc t _appletAcquireForegroundRights
0000000000001c60 00000000000000d4 t _appletSetOperationModeChangedNotification.constprop.16
0000000000001d40 00000000000000d4 t _appletSetPerformanceModeChangedNotification.constprop.17
0000000000001e20 00000000000000d0 t _appletSetOutOfFocusSuspendingEnabled
0000000000001ef0 00000000000000d8 t _appletSetFocusHandlingMode
0000000000001fd0 00000000000000e0 t _appletGetAppletResourceUserId.constprop.11
00000000000020b0 000000000000013c t _appletGetSessionProxy.constprop.10
00000000000021f0 000000000000048c T appletExit
0000000000002408 0000000000002000 b tmp_buffer.6677
0000000000002680 0000000000000028 T appletHook
00000000000026b0 0000000000000034 T appletUnhook
00000000000026f0 0000000000000028 T appletGetAppletResourceUserId
0000000000002720 0000000000000120 T appletNotifyRunning
0000000000002840 00000000000004dc T appletInitialize
0000000000002d20 00000000000000ec T appletCreateManagedDisplayLayer
0000000000002e10 000000000000000c T appletGetOperationMode
0000000000002e20 0000000000000144 T appletMainLoop
0000000000002f70 0000000000000034 t ipcCloseObjectById
0000000000002fb0 0000000000000124 t _hidGetSharedMemoryHandle.constprop.8
00000000000030e0 0000000000000134 t _hidCreateAppletResource.constprop.7
0000000000003220 00000000000001b0 T hidReset
00000000000033d0 000000000000000c T hidGetSharedmemAddr
00000000000033e0 000000000000006c T hidKeysDown
0000000000003450 000000000000000c T hidTouchCount
0000000000003460 000000000000049c T hidScanInput
0000000000003900 0000000000000108 T hidSetNpadJoyAssignmentModeDual
0000000000003a10 0000000000000120 T hidExit
0000000000003b30 00000000000000ec T hidInitialize
0000000000003c20 0000000000000044 T smAddOverrideHandle
0000000000003c70 0000000000000060 T smGetServiceOverride
0000000000003cd0 0000000000000014 T smHasInitialized
0000000000003cf0 0000000000000048 T smExit
0000000000003d40 0000000000000038 T smEncodeName
0000000000003d80 000000000000012c T smGetServiceOriginal
0000000000003eb0 0000000000000158 T smInitialize
0000000000004010 0000000000000074 T smGetService
0000000000004090 0000000000000034 t ipcCloseObjectById
00000000000040d0 0000000000000124 t _apmGetSession.constprop.4
0000000000004200 00000000000000f0 T apmExit
00000000000042f0 000000000000008c T apmInitialize
0000000000004380 00000000000000cc T apmSetPerformanceConfiguration
0000000000004450 00000000000000c0 T fatalSimple
0000000000004510 00000000000000c8 t _gfxDequeueBuffer.part.0
00000000000045e0 0000000000000038 t _gfxQueueBuffer.part.1
0000000000004620 00000000000000e8 T gfxConfigureCrop
0000000000004710 0000000000000014 T gfxConfigureResolution
0000000000004730 0000000000000060 t _gfxAutoResolutionAppletHook
0000000000004790 000000000000011c T gfxConfigureAutoResolution
00000000000048b0 0000000000000178 T gfxExit
0000000000004a30 0000000000000054 T _gfxGraphicBufferInit
0000000000004a90 0000000000000080 T gfxWaitForVsync
0000000000004b10 0000000000000588 T gfxInitDefault
00000000000050a0 000000000000005c T gfxSwapBuffers
0000000000005100 0000000000000068 T gfxGetFramebuffer
0000000000005170 000000000000000c T gfxSetMode
0000000000005180 0000000000000144 T gfxFlushBuffers
00000000000052d0 000000000000003c t nvmapobjClose
0000000000005310 000000000000006c t nvmapobjInitialize.part.0
0000000000005380 0000000000000070 t nvmapobjSetup.constprop.2
00000000000053f0 0000000000000bd8 T nvgfxInitialize
0000000000005fd0 0000000000000128 T nvgfxExit
0000000000006100 0000000000000068 T nvgfxEventWait
0000000000006170 000000000000003c T nvgfxGetFramebuffer
00000000000061b0 0000000000000024 T nvioctlChannel_SetNvmapFd
00000000000061e0 0000000000000030 T nvioctlChannel_AllocObjCtx
0000000000006210 0000000000000028 T nvioctlChannel_ZCullBind
0000000000006240 0000000000000028 T nvioctlChannel_SetErrorNotifier
0000000000006270 0000000000000024 T nvioctlChannel_SetPriority
00000000000062a0 0000000000000054 T nvioctlChannel_AllocGpfifoEx2
0000000000006300 0000000000000024 T nvioctlChannel_SetUserData
0000000000006330 0000000000000040 T nvioctlNvhostCtrl_EventWait
0000000000006370 000000000000003c T nvioctlNvhostCtrlGpu_ZCullGetCtxSize
00000000000063b0 0000000000000060 T nvioctlNvhostCtrlGpu_ZCullGetInfo
0000000000006410 000000000000009c T nvioctlNvhostCtrlGpu_GetCharacteristics
00000000000064b0 000000000000005c T nvioctlNvhostCtrlGpu_GetTpcMasks
0000000000006510 000000000000003c T nvioctlNvhostCtrlGpu_GetL2State
0000000000006550 0000000000000024 T nvioctlNvhostAsGpu_BindChannel
0000000000006580 0000000000000044 T nvioctlNvhostAsGpu_AllocSpace
00000000000065d0 0000000000000050 T nvioctlNvhostAsGpu_MapBufferEx
0000000000006620 0000000000000070 T nvioctlNvhostAsGpu_GetVARegions
0000000000006690 000000000000003c T nvioctlNvhostAsGpu_InitializeEx
00000000000066d0 000000000000003c T nvioctlNvmap_Create
0000000000006710 000000000000003c T nvioctlNvmap_FromId
0000000000006750 0000000000000030 T nvioctlNvmap_Alloc
0000000000006780 000000000000003c T nvioctlNvmap_GetId
00000000000067bc T armDCacheFlush
00000000000067e0 t armDCacheFlush_L0
00000000000067f8 T svcSetHeapSize
000000000000680c T svcUnmapMemory
0000000000006814 T svcQueryMemory
0000000000006828 T svcExitProcess
0000000000006830 T svcSleepThread
0000000000006838 T svcMapSharedMemory
0000000000006840 T svcUnmapSharedMemory
0000000000006848 T svcCreateTransferMemory
000000000000685c T svcCloseHandle
0000000000006864 T svcResetSignal
000000000000686c T svcWaitSynchronization
0000000000006880 T svcArbitrateLock
0000000000006888 T svcArbitrateUnlock
0000000000006890 T svcGetSystemTick
0000000000006898 T svcConnectToNamedPort
00000000000068ac T svcSendSyncRequest
00000000000068b4 T svcBreak
00000000000068bc T svcGetInfo
00000000000068d0 T svcUnmapTransferMemory
00000000000068e0 00000000000000a0 T __nx_dynamic
0000000000006980 00000000000000d8 W __libnx_initheap
0000000000006a60 0000000000000074 W __appInit
0000000000006ae0 0000000000000024 W __appExit
0000000000006b10 0000000000000028 W __libnx_init
0000000000006b40 0000000000000020 W __libnx_exit
0000000000006b60 00000000000001b0 T envSetup
0000000000006d10 0000000000000020 T envGetMainThreadHandle
0000000000006d30 000000000000000c T envIsNso
0000000000006d40 0000000000000014 T envHasHeapOverride
0000000000006d60 000000000000000c T envGetHeapOverrideAddr
0000000000006d70 000000000000000c T envGetHeapOverrideSize
0000000000006d80 0000000000000014 T envHasArgv
0000000000006da0 000000000000000c T envGetArgv
0000000000006db0 000000000000000c T envGetExitFuncPtr
0000000000006dc0 0000000000000008 t mutexInit
0000000000006dd0 000000000000000c t rmutexInit
0000000000006de0 0000000000000080 T __libnx_gtod
0000000000006e60 0000000000000034 t __libnx_get_reent
0000000000006ea0 00000000000000ec T newlibSetup
0000000000006f90 0000000000000368 T argvSetup
0000000000007300 0000000000000140 t _CacheValues
0000000000007440 000000000000001c T kernelAbove200
0000000000007460 000000000000001c T kernelAbove300
0000000000007480 0000000000000030 T detectDebugger
00000000000074b0 0000000000000014 T shmemLoadRemote
00000000000074d0 0000000000000084 T shmemMap
0000000000007560 0000000000000058 T shmemUnmap
00000000000075c0 0000000000000044 T shmemClose
0000000000007610 000000000000004c T rwlockReadLock
0000000000007660 000000000000004c T rwlockReadUnlock
00000000000076b0 0000000000000008 T rwlockWriteLock
00000000000076c0 0000000000000008 T rwlockWriteUnlock
00000000000076d0 0000000000000094 T mutexLock
0000000000007770 0000000000000024 T mutexUnlock
00000000000077a0 000000000000004c T rmutexLock
00000000000077f0 000000000000001c T rmutexUnlock
0000000000007810 000000000000007c t _GetRegionFromInfo.isra.1
0000000000007890 00000000000000e4 T virtmemSetup
0000000000007980 000000000000013c T virtmemReserve
0000000000007ac0 0000000000000004 T virtmemFree
0000000000007ad0 0000000000000010 t fsdev_link
0000000000007ae0 0000000000000010 t fsdev_dirreset
0000000000007af0 0000000000000010 t fsdev_chmod
0000000000007b00 000000000000001c t error_cmp
0000000000007b20 0000000000000058 t fsdev_translate_error
0000000000007b80 0000000000000040 t fsdev_fsync
0000000000007bc0 0000000000000060 t fsdev_ftruncate
0000000000007c20 0000000000000020 t fsdev_dirclose
0000000000007c40 000000000000016c t fsdev_dirnext
0000000000007db0 000000000000001c t fsdev_close
0000000000007dd0 0000000000000080 t fsdev_fstat
0000000000007e50 00000000000000b0 t fsdev_seek
0000000000007f00 0000000000000198 t fsdev_read
00000000000080a0 00000000000001a0 t fsdev_write
0000000000008240 0000000000000118 t fsdevFindDevice
0000000000008360 0000000000000168 t _fsdevMountDevice
00000000000084d0 00000000000001fc t fsdev_getfspath
00000000000086d0 0000000000000070 t fsdev_rmdir
0000000000008740 00000000000000d4 t fsdev_statvfs
0000000000008820 00000000000000ec t fsdev_diropen
0000000000008910 0000000000000070 t fsdev_mkdir
0000000000008980 0000000000000114 t fsdev_rename
0000000000008aa0 00000000000000c4 t fsdev_chdir
0000000000008b70 0000000000000070 t fsdev_unlink
0000000000008be0 0000000000000168 t fsdev_stat
0000000000008d50 0000000000000180 t fsdev_open
0000000000008ed0 00000000000000b8 t _fsdevUnmountDeviceStruct.part.4
0000000000008f90 0000000000000010 t fsdev_fchmod
0000000000008fa0 0000000000000158 T fsdevMountSdmc
0000000000009100 0000000000000064 T fsdevUnmountAll
0000000000009170 0000000000000034 t ipcCloseObjectById
00000000000091b0 000000000000012c t _timeGetSession
00000000000092e0 00000000000001ec T timeExit
00000000000094d0 00000000000000d8 T timeInitialize
00000000000095b0 0000000000000124 T timeGetCurrentTime
00000000000096e0 0000000000000034 t ipcCloseObjectById
0000000000009720 0000000000000130 t _viCreatestray_layer.isra.4
0000000000009850 0000000000000134 t _viGetSession.constprop.6
0000000000009990 0000000000000140 t _viOpenLayer
0000000000009ad0 00000000000001d8 T viExit
0000000000009cb0 000000000000026c T viInitialize
0000000000009f20 000000000000000c T viGetSession_IHOSBinderDriverRelay
0000000000009f30 0000000000000140 T viOpenDisplay
000000000000a070 00000000000000f0 T viCloseDisplay
000000000000a160 00000000000000d0 T viOpenLayer
000000000000a230 0000000000000100 T viCloseLayer
000000000000a330 00000000000000e8 T viSetLayerScalingMode
000000000000a420 000000000000012c T viGetDisplayVsyncEvent
000000000000a550 0000000000000034 t ipcCloseObjectById
000000000000a590 00000000000000c8 t ipcQueryPointerBufferSize.constprop.6
000000000000a660 00000000000000d8 t _nvSetClientPID
000000000000a740 00000000000000f0 t _nvInitialize.constprop.5
000000000000a830 00000000000000a8 T nvExit
000000000000a8e0 00000000000001a4 T nvInitialize
000000000000aa90 000000000000012c T nvConvertError
000000000000abc0 000000000000012c T nvOpen
000000000000acf0 0000000000000218 T nvIoctl
000000000000af10 00000000000000dc T nvClose
000000000000aff0 000000000000013c T nvQueryEvent
000000000000b130 0000000000000034 t ipcCloseObjectById
000000000000b170 0000000000000124 T fsInitialize
000000000000b2a0 000000000000009c T fsExit
000000000000b340 0000000000000134 T fsMountSdcard
000000000000b480 00000000000000f4 T fsFsCreateFile
000000000000b580 00000000000000f0 T fsFsDeleteFile
000000000000b670 00000000000000f0 T fsFsCreateDirectory
000000000000b760 00000000000000f0 T fsFsDeleteDirectory
000000000000b850 000000000000011c T fsFsRenameFile
000000000000b970 000000000000011c T fsFsRenameDirectory
000000000000ba90 0000000000000104 T fsFsGetEntryType
000000000000bba0 0000000000000154 T fsFsOpenFile
000000000000bd00 000000000000014c T fsFsOpenDirectory
000000000000be50 0000000000000104 T fsFsGetFreeSpace
000000000000bf60 0000000000000104 T fsFsGetTotalSpace
000000000000c070 000000000000006c T fsFsClose
000000000000c0e0 0000000000000108 T fsFileRead
000000000000c1f0 00000000000000f8 T fsFileWrite
000000000000c2f0 00000000000000c8 T fsFileFlush
000000000000c3c0 00000000000000c8 T fsFileSetSize
000000000000c490 00000000000000ec T fsFileGetSize
000000000000c580 000000000000006c T fsFileClose
000000000000c5f0 000000000000006c T fsDirClose
000000000000c660 0000000000000110 T fsDirRead
000000000000c770 0000000000000010 T bufferProducerInitialize
000000000000c780 000000000000000c T bufferProducerExit
000000000000c790 000000000000011c T bufferProducerRequestBuffer
000000000000c8b0 0000000000000198 T bufferProducerDequeueBuffer
000000000000ca50 0000000000000094 T bufferProducerDetachBuffer
000000000000caf0 0000000000000108 T bufferProducerQueueBuffer
000000000000cc00 00000000000000dc T bufferProducerQuery
000000000000cce0 0000000000000110 T bufferProducerConnect
000000000000cdf0 0000000000000094 T bufferProducerDisconnect
000000000000ce90 0000000000000100 T bufferProducerGraphicBufferInit
000000000000cf90 0000000000000248 t _binderTransactParcelAuto
000000000000d1e0 00000000000000c8 t ipcQueryPointerBufferSize
000000000000d2b0 0000000000000138 t _binderTransactParcel
000000000000d3f0 0000000000000018 T binderCreateSession
000000000000d410 0000000000000010 T binderTransactParcel
000000000000d420 00000000000000e4 T binderAdjustRefcount
000000000000d510 0000000000000068 T binderExitSession
000000000000d580 000000000000013c T binderGetNativeHandle
000000000000d6c0 0000000000000120 T binderInitSession
000000000000d7e0 0000000000000028 T parcelInitialize
000000000000d810 0000000000000190 T parcelTransact
000000000000d9a0 0000000000000088 T parcelWriteData
000000000000da30 0000000000000098 T parcelReadData
000000000000dad0 0000000000000020 T parcelWriteInt32
000000000000daf0 0000000000000020 T parcelWriteUInt32
000000000000db10 0000000000000080 T parcelWriteString16
000000000000db90 0000000000000030 T parcelWriteInterfaceToken
000000000000dbc0 0000000000000024 T parcelReadInt32
000000000000dbf0 0000000000000068 T parcelReadFlattenedObject
000000000000dc60 0000000000000044 T parcelWriteFlattenedObject
000000000000dcb0 000000000000012c T decode_utf8
000000000000dddc T __aarch64_read_tp
000000000000ddf0 00000000000000c4 T nxlinkSetup
000000000000dec0 000000000000007c T tmemCreate
000000000000df40 0000000000000058 T tmemUnmap
000000000000dfa0 0000000000000068 T tmemClose
000000000000e008 00000000000000b8 T bsearch
000000000000e0c0 0000000000000044 T __libc_fini_array
000000000000e108 000000000000008c T __libc_init_array
000000000000e198 000000000000002c T __locale_mb_cur_max
000000000000e1c8 0000000000000008 T __locale_ctype_ptr_l
000000000000e1d0 000000000000002c T __locale_ctype_ptr
000000000000e200 0000000000000030 T memalign
000000000000e230 0000000000000198 T _memalign_r
000000000000e3c8 000000000000001c T malloc
000000000000e3e8 000000000000001c T free
000000000000e408 0000000000000844 T _malloc_r
000000000000ec50 00000000000002c8 T __utf8_mbtowc
000000000000ef18 00000000000000d8 T memchr
000000000000f000 000000000000016c T memcpy
000000000000f180 00000000000001d8 T memset
000000000000f358 000000000000000c T __malloc_lock
000000000000f368 000000000000000c T __malloc_unlock
000000000000f378 000000000000008c T printf
000000000000f408 000000000000025c T setvbuf
000000000000f668 00000000000000bc T sscanf
000000000000f728 0000000000000050 T __sread
000000000000f778 0000000000000008 T __seofread
000000000000f780 000000000000006c T __swrite
000000000000f7f0 0000000000000050 T __sseek
000000000000f840 0000000000000008 T __sclose
000000000000f848 00000000000000dc T strchr
000000000000f940 00000000000000a4 T strcmp
000000000000fa00 0000000000000140 T strlen
000000000000fb40 0000000000000084 T strncat
000000000000fc1c 0000000000000108 T strncmp
000000000000fd28 00000000000000a8 T strncpy
000000000000fe24 00000000000000e0 T strnlen
000000000000fee0 00000000000001d0 t _strtol_l.isra.0
00000000000100b0 0000000000000048 T _strtol_r
00000000000100f8 00000000000001e0 t _strtoul_l.isra.0
00000000000102d8 0000000000000048 T _strtoul_r
0000000000010320 000000000000005c T strtoul
000000000001037c 000000000000005c t get_arg
00000000000103d8 0000000000002f48 T __ssvfscanf_r
0000000000013320 000000000000003c T __sprint_r
000000000001335c 000000000000076c t get_arg
0000000000013ac8 0000000000003bfc T _vfprintf_r
00000000000176c4 00000000000000ec t __sbprintf
00000000000177b0 00000000000000d0 T _wcrtomb_r
0000000000017880 0000000000000010 T _wcsrtombs_r
0000000000017890 00000000000000e4 T __utf8_wctomb
0000000000017978 0000000000000140 T __swsetup_r
0000000000017ab8 00000000000001a8 t quorem
0000000000017c60 00000000000010dc T _dtoa_r
0000000000018d40 0000000000000214 T __sflush_r
0000000000018f58 00000000000000b8 T _fflush_r
0000000000019010 0000000000000078 t std
0000000000019088 000000000000000c T _cleanup_r
0000000000019098 000000000000000c T __sfp_lock_acquire
00000000000190a8 000000000000000c T __sfp_lock_release
00000000000190b8 000000000000000c T __sinit_lock_acquire
00000000000190c8 000000000000000c T __sinit_lock_release
00000000000190d8 0000000000000080 T __sinit
0000000000019158 0000000000000118 T _malloc_trim_r
0000000000019270 00000000000002f4 T _free_r
0000000000019568 00000000000004b8 T __sfvwrite_r
0000000000019a20 00000000000000bc T _fwalk_reent
0000000000019ae0 0000000000000084 T iswspace
0000000000019b68 0000000000000244 t __jp2uc
0000000000019db0 00000000000000d0 T _jp2uc
0000000000019e80 0000000000000008 T __localeconv_l
0000000000019e88 0000000000000028 T _localeconv_r
0000000000019eb0 00000000000000a4 T __swhatbuf_r
0000000000019f58 000000000000010c T __smakebuf_r
000000000001a068 00000000000000d8 T _mbrtowc_r
000000000001a140 00000000000000ac T memmove
000000000001a1f0 0000000000000090 T _Balloc
000000000001a280 000000000000001c T _Bfree
000000000001a2a0 00000000000000e8 T __multadd
000000000001a388 0000000000000120 T __s2b
000000000001a4a8 000000000000005c T __hi0bits
000000000001a508 00000000000000a0 T __lo0bits
000000000001a5a8 000000000000002c T __i2b
000000000001a5d8 00000000000001c8 T __multiply
000000000001a7a0 0000000000000104 T __pow5mult
000000000001a8a8 0000000000000134 T __lshift
000000000001a9e0 0000000000000050 T __mcmp
000000000001aa30 000000000000014c T __mdiff
000000000001ab80 0000000000000068 T __ulp
000000000001abe8 0000000000000150 T __b2d
000000000001ad38 0000000000000138 T __d2b
000000000001ae70 00000000000000a0 T __ratio
000000000001af10 0000000000000068 T __copybits
000000000001af78 0000000000000084 T __any_on
000000000001b000 0000000000000030 T realloc
000000000001b030 000000000000056c T _realloc_r
000000000001b5a0 00000000000000bc T __sccl
000000000001b660 000000000000000c T nanf
000000000001b670 000000000000007c T frexp
000000000001b6f0 00000000000000a8 T sprintf
000000000001b798 00000000000000c8 T stpncpy
000000000001b860 0000000000000054 t sulp
000000000001b8b8 00000000000010f0 T _strtod_l
000000000001c9a8 0000000000000040 T _strtod_r
000000000001c9e8 00000000000001d0 t _strtoll_l.isra.0
000000000001cbb8 0000000000000048 T _strtoll_r
000000000001cc00 00000000000001e0 t _strtoull_l.isra.0
000000000001cde0 0000000000000048 T _strtoull_r
000000000001ce28 00000000000001c0 T __ssprint_r
000000000001cfe8 00000000000000f4 T _sungetc_r
000000000001d0dc 0000000000000070 T __ssrefill_r
000000000001d14c 00000000000000e0 T _sfread_r
000000000001d22c 000000000000076c t get_arg
000000000001d998 0000000000003b44 T _svfprintf_r
00000000000214e0 00000000000000c8 T __submore
00000000000215a8 00000000000001dc T _wcsnrtombs_l
0000000000021788 0000000000000054 T _wcsnrtombs_r
00000000000217e0 0000000000000094 T _calloc_r
0000000000021878 000000000000015c T _fclose_r
00000000000219d8 0000000000000114 t rshift
0000000000021af0 00000000000007e8 T __gethex
00000000000222d8 0000000000000048 T __match
0000000000022320 000000000000022c T __hexnan
0000000000022550 0000000000000008 t null_write
0000000000022558 0000000000000018 T setDefaultDevice
0000000000022570 00000000000000f8 T FindDevice
0000000000022668 0000000000000034 T RemoveDevice
00000000000226a0 00000000000000d8 T AddDevice
0000000000022778 00000000000000a8 T _close_r
0000000000022820 0000000000000080 T _fstat_r
00000000000228a0 0000000000000008 T _isatty_r
00000000000228a8 0000000000000094 T _lseek_r
0000000000022940 00000000000000a4 T _read_r
00000000000229e8 0000000000000078 T _sbrk_r
0000000000022a60 00000000000000a4 T _write_r
0000000000022b08 0000000000000224 T _concatenate_path
0000000000022d30 0000000000000178 T chdir
0000000000022ea8 0000000000000018 T __libc_lock_acquire
0000000000022ec0 0000000000000018 T __libc_lock_release
0000000000022ed8 0000000000000018 T __libc_lock_init_recursive
0000000000022ef0 0000000000000018 T __libc_lock_acquire_recursive
0000000000022f08 0000000000000018 T __libc_lock_release_recursive
0000000000022f20 0000000000000018 T __libc_lock_close_recursive
0000000000022f38 000000000000003c T __free_handle
0000000000022f78 0000000000000058 T __release_handle
0000000000022fd0 0000000000000020 T __get_handle
0000000000022ff0 0000000000000024 T __getreent
0000000000023018 0000000000000150 t __extenddftf2
0000000000023168 0000000000000350 t __trunctfdf2
00000000000234b8 0000000000000070 t __sfp_handle_exceptions
0000000000023528 0000000000000100 T strrchr
0000000000023628 T _fini
0000000000024100 0000000000000060 r colorTable
00000000000241d0 0000000000000014 r CSWTCH.39
000000000002429c R default_font_bin
000000000002629c R default_font_bin_end
000000000002629c R default_font_bin_size
00000000000262a8 0000000000000018 r error_table
0000000000026440 0000000000000022 r basefix.6415
00000000000265f0 0000000000000010 r blanks.6393
0000000000026600 0000000000000010 r zeroes.6394
0000000000026610 0000000000000101 R _ctype_
0000000000026768 00000000000000bc r a1
0000000000026828 00000000000000bc r a2
00000000000268e8 000000000000005b r a3
0000000000026948 0000000000000070 r a6
00000000000269b8 00000000000000a2 r a7
0000000000026a60 0000000000000040 r a8
0000000000026aa0 000000000000172a r b02cf
00000000000281d0 0000000000001a7c r d02f4
0000000000029c50 0000000000000028 R __mprec_bigtens
0000000000029c78 00000000000000c8 R __mprec_tens
0000000000029d40 000000000000000c r p05.5161
0000000000029d80 0000000000000014 r fpi.5241
0000000000029d98 0000000000000014 r fpinan.5277
0000000000029db0 0000000000000028 r tinytens
0000000000029dd8 000000000000006c R __action_table
0000000000029e48 0000000000000100 R __chclass
0000000000029f48 000000000000006c R __state_table
000000000002a100 0000000000000010 r blanks.6378
000000000002a110 0000000000000010 r zeroes.6379
000000000002a120 0000000000000100 R __hexdig
000000000002a228 0000000000000003 R DIRECTORY_PARENT
000000000002a230 r __EH_FRAME_BEGIN__
000000000002a3ec r __FRAME_END__
000000000002a3f0 a _DYNAMIC
000000000002d000 t __frame_dummy_init_array_entry
000000000002d000 T __init_array_start
000000000002d000 B __preinit_array_end
000000000002d000 B __preinit_array_start
000000000002d000 D __tdata_lma
000000000002d000 D __tdata_lma_end
000000000002d008 t __do_global_dtors_aux_fini_array_entry
000000000002d008 T __fini_array_start
000000000002d008 T __init_array_end
000000000002d010 T __fini_array_end
000000000002d010 T __got_start__
000000000002d010 a _GLOBAL_OFFSET_TABLE_
000000000002d278 D __got_end__
000000000002d278 0000000000000001 d firstConsoleInit.5866
000000000002d280 0000000000000008 D currentConsole
000000000002d288 0000000000000068 D defaultConsole
000000000002d2f0 00000000000000d0 d dotab_stdout
000000000002d3c0 0000000000000001 V __nx_applet_auto_notifyrunning
000000000002d3c4 0000000000000004 V __nx_applet_type
000000000002d3c8 0000000000000004 d g_gfxMode
000000000002d3d0 0000000000000054 d g_gfxQueueBufferData
000000000002d428 000000000000016c d g_gfx_BufferInitData
000000000002d594 0000000000000001 D g_gfx_drawflip
000000000002d598 0000000000000004 V __nx_time_type
000000000002d5a0 0000000000000401 d __cwd
000000000002d9a4 0000000000000004 d fsdev_fsdevice_cwd
000000000002d9a8 0000000000000004 d fsdev_fsdevice_default
000000000002d9b0 00000000000000d0 d fsdev_devoptab
000000000002da80 0000000000000004 d g_viServiceType
000000000002da84 0000000000000004 d g_nvServiceType
000000000002da88 0000000000000023 d g_bufferProducer_InterfaceDescriptor
000000000002dab0 0000000000000008 D _impure_ptr
000000000002dab8 0000000000000768 d impure_data
000000000002e220 00000000000001a8 D __global_locale
000000000002e3c8 0000000000000008 D __malloc_sbrk_base
000000000002e3d0 0000000000000008 D __malloc_trim_threshold
000000000002e3d8 0000000000000810 D __malloc_av_
000000000002ebe8 0000000000000004 d defaultDevice
000000000002ebf0 0000000000000080 D devoptab_list
000000000002ec70 00000000000000d0 D dotab_stdnull
000000000002ed40 0000000000000400 d _current_working_directory
000000000002f140 0000000000000010 d __stderr_handle
000000000002f150 0000000000000010 d __stdin_handle
000000000002f160 0000000000000010 d __stdout_handle
000000000002f170 0000000000002000 d handles
0000000000031170 D __bss_start__
0000000000031170 D __TMC_END__
0000000000031170 b completed.7822
0000000000031178 b object.7827
00000000000311a8 0000000000000008 V __nx_applet_PerformanceConfiguration
00000000000311b0 0000000000000018 b g_appletFirstHook
00000000000311c8 0000000000000001 b g_appletFocusState
00000000000311d0 000000000000000c b g_appletIAudioController
00000000000311e0 000000000000000c b g_appletICommonStateGetter
00000000000311f0 000000000000000c b g_appletIDebugFunctions
0000000000031200 000000000000000c b g_appletIDisplayController
0000000000031210 000000000000000c b g_appletIFunctions
0000000000031220 000000000000000c b g_appletILibraryAppletCreator
0000000000031230 000000000000000c b g_appletILibraryAppletSelfAccessor
0000000000031240 000000000000000c b g_appletIProcessWindingController
0000000000031250 000000000000000c b g_appletISelfController
0000000000031260 000000000000000c b g_appletIWindowController
000000000003126c 0000000000000004 b g_appletMessageEventHandle
0000000000031270 0000000000000001 b g_appletNotifiedRunning
0000000000031271 0000000000000001 b g_appletOperationMode
0000000000031274 0000000000000004 b g_appletPerformanceMode
0000000000031278 000000000000000c b g_appletProxySession
0000000000031288 0000000000000008 b g_appletResourceUserId
0000000000031290 000000000000000c b g_appletSrv
00000000000312a0 0000000000000008 b g_refCnt
00000000000312a8 0000000000000050 b g_controllerDown
00000000000312f8 00000000000001e0 b g_controllerEntries
00000000000314d8 0000000000000190 b g_controllerHeaders
0000000000031668 0000000000000050 b g_controllerHeld
00000000000316b8 0000000000000028 b g_controllerLayout
00000000000316e0 0000000000000050 b g_controllerOld
0000000000031730 0000000000000004 b g_controllerP1AutoID
0000000000031738 0000000000000050 b g_controllerTimestamps
0000000000031788 0000000000000050 b g_controllerUp
00000000000317d8 000000000000000c b g_hidIAppletResource
00000000000317e8 0000000000000020 b g_hidLock
0000000000031808 0000000000000020 b g_hidSharedmem
0000000000031828 000000000000000c b g_hidSrv
0000000000031838 0000000000000020 b g_keyboardDown
0000000000031858 0000000000000038 b g_keyboardEntry
0000000000031890 0000000000000020 b g_keyboardHeld
00000000000318b0 0000000000000008 b g_keyboardModDown
00000000000318b8 0000000000000008 b g_keyboardModHeld
00000000000318c0 0000000000000008 b g_keyboardModOld
00000000000318c8 0000000000000008 b g_keyboardModUp
00000000000318d0 0000000000000020 b g_keyboardOld
00000000000318f0 0000000000000008 b g_keyboardTimestamp
00000000000318f8 0000000000000020 b g_keyboardUp
0000000000031918 0000000000000008 b g_mouseDown
0000000000031920 0000000000000030 b g_mouseEntry
0000000000031950 0000000000000008 b g_mouseHeld
0000000000031958 0000000000000008 b g_mouseOld
0000000000031960 0000000000000008 b g_mouseTimestamp
0000000000031968 0000000000000008 b g_mouseUp
0000000000031970 0000000000000008 b g_refCnt
0000000000031978 0000000000000298 b g_touchEntry
0000000000031c10 0000000000000008 b g_touchTimestamp
0000000000031c18 0000000000000008 b g_refCnt
0000000000031c20 0000000000000004 b g_smHandle
0000000000031c28 0000000000000200 b g_smOverrides
0000000000031e28 0000000000000008 b g_smOverridesNum
0000000000031e30 000000000000000c b g_apmISession
0000000000031e40 000000000000000c b g_apmSrv
0000000000031e50 0000000000000008 b g_refCnt
0000000000031e58 0000000000000020 b g_gfxBinderSession
0000000000031e78 0000000000000004 b g_gfxCurrentBuffer
0000000000031e7c 0000000000000004 b g_gfxCurrentProducerBuffer
0000000000031e80 0000000000000050 b g_gfxDisplay
0000000000031ed0 0000000000000004 b g_gfxDisplayVsyncEvent
0000000000031ed8 0000000000000008 b g_gfxFramebuf
0000000000031ee0 0000000000000008 b g_gfxFramebufLinear
0000000000031ee8 0000000000000008 b g_gfxFramebufSize
0000000000031ef0 0000000000000001 b g_gfxInitialized
0000000000031ef8 0000000000000010 b g_gfxLayer
0000000000031f08 0000000000000100 b g_gfxNativeWindow
0000000000032008 0000000000000004 b g_gfxNativeWindow_ID
0000000000032010 0000000000000008 b g_gfxNativeWindow_Size
0000000000032018 0000000000000010 b g_gfx_Connect_QueueBufferOutput
0000000000032028 0000000000000024 b g_gfx_DequeueBuffer_fence
000000000003204c 0000000000000001 b g_gfx_ProducerConnected
0000000000032050 0000000000000002 b g_gfx_ProducerSlotsRequested
0000000000032058 0000000000000010 b g_gfx_QueueBuffer_QueueBufferOutput
0000000000032068 0000000000000018 b g_gfx_autoresolution_applethookcookie
0000000000032080 0000000000000004 b g_gfx_autoresolution_docked_height
0000000000032084 0000000000000004 b g_gfx_autoresolution_docked_width
0000000000032088 0000000000000001 b g_gfx_autoresolution_enabled
000000000003208c 0000000000000004 b g_gfx_autoresolution_handheld_height
0000000000032090 0000000000000004 b g_gfx_autoresolution_handheld_width
0000000000032098 0000000000000008 B g_gfx_framebuf_aligned_height
00000000000320a0 0000000000000008 B g_gfx_framebuf_aligned_width
00000000000320a8 0000000000000008 B g_gfx_framebuf_display_height
00000000000320b0 0000000000000008 B g_gfx_framebuf_display_width
00000000000320b8 0000000000000008 B g_gfx_framebuf_height
00000000000320c0 0000000000000008 B g_gfx_framebuf_width
00000000000320c8 0000000000000008 B g_gfx_singleframebuf_linear_size
00000000000320d0 0000000000000008 B g_gfx_singleframebuf_size
00000000000320d8 0000000000000001 b g_nvgfxInitialized
00000000000320dc 0000000000000004 b g_nvgfx_fd_nvhostasgpu
00000000000320e0 0000000000000004 b g_nvgfx_fd_nvhostctrl
00000000000320e4 0000000000000004 b g_nvgfx_fd_nvhostctrlgpu
00000000000320e8 0000000000000004 b g_nvgfx_fd_nvhostgpu
00000000000320ec 0000000000000004 b g_nvgfx_fd_nvmap
00000000000320f0 0000000000000008 b g_nvgfx_gpfifo_pos
00000000000320f8 00000000000000a0 b g_nvgfx_gpu_characteristics
0000000000032198 0000000000000008 b g_nvgfx_l2state
00000000000321a0 0000000000000008 b g_nvgfx_nvhost_fence
00000000000321a8 0000000000000008 b g_nvgfx_nvhost_userdata
00000000000321b0 0000000000000008 b g_nvgfx_nvhost_userdata_size
00000000000321b8 0000000000000008 b g_nvgfx_nvhostasgpu_allocspace_offset
00000000000321c0 0000000000000030 b g_nvgfx_nvhostasgpu_varegions
00000000000321f0 0000000000000004 b g_nvgfx_nvhostctrl_eventhandle
00000000000321f4 0000000000000004 b g_nvgfx_nvhostctrl_eventres
00000000000321f8 0000000000000004 b g_nvgfx_nvhostctrlgpu_event2
00000000000321fc 0000000000000004 b g_nvgfx_nvhostgpu_event3
0000000000032200 0000000000000004 B g_nvgfx_totalframebufs
0000000000032208 0000000000000018 b g_nvgfx_tpcmasks
0000000000032220 0000000000000004 b g_nvgfx_zcullctxsize
0000000000032228 0000000000000028 b g_nvgfx_zcullinfo
0000000000032250 0000000000000008 b nvmap_obj3_mapbuffer_x0_offset
0000000000032258 0000000000000008 b nvmap_obj4_mapbuffer_x0_offset
0000000000032260 0000000000000008 b nvmap_obj6_mapbuffer_xdb_offset
0000000000032268 00000000000001b0 b nvmap_objs
0000000000032418 0000000000000008 V __nx_heap_size
0000000000032420 0000000000000001 b g_isNso
0000000000032424 0000000000000004 b g_lastLoadResult
0000000000032428 0000000000000008 b g_loaderRetAddr
0000000000032430 0000000000000004 b g_mainThreadHandle
0000000000032438 0000000000000008 b g_nextLoadArgv
0000000000032440 0000000000000008 b g_nextLoadPath
0000000000032448 0000000000000008 b g_overrideArgv
0000000000032450 0000000000000008 b g_overrideHeapAddr
0000000000032458 0000000000000008 b g_overrideHeapSize
0000000000032460 0000000000000004 b g_processHandle
0000000000032468 0000000000000010 b g_syscallHints
0000000000032478 0000000000000008 b g_argv_empty
0000000000032480 0000000000000001 b g_HasCached
0000000000032481 0000000000000001 b g_IsAbove200
0000000000032482 0000000000000001 b g_IsAbove300
0000000000032483 0000000000000001 b g_IsAbove400
0000000000032484 0000000000000001 b g_IsAbove500
0000000000032488 0000000000000004 b g_Mutex
0000000000032490 0000000000000010 b g_AddressSpace
00000000000324a0 0000000000000008 b g_CurrentAddr
00000000000324a8 0000000000000030 b g_Region
00000000000324d8 0000000000000004 b g_VirtMemMutex
00000000000324e0 0000000000002100 b fsdev_fsdevices
00000000000345e0 0000000000000001 b fsdev_initialised
00000000000345e8 0000000000000008 b g_refCnt
00000000000345f0 000000000000000c b g_timeLocalSystemClock
0000000000034600 000000000000000c b g_timeNetworkSystemClock
0000000000034610 000000000000000c b g_timeSrv
0000000000034620 000000000000000c b g_timeTimeZoneService
0000000000034630 000000000000000c b g_timeUserSystemClock
0000000000034640 000000000000000c b g_viIApplicationDisplayService
0000000000034650 000000000000000c b g_viIHOSBinderDriverIndirect
0000000000034660 000000000000000c b g_viIHOSBinderDriverRelay
0000000000034670 000000000000000c b g_viIManagerDisplayService
0000000000034680 000000000000000c b g_viISystemDisplayService
0000000000034690 000000000000000c b g_viSrv
00000000000346a0 0000000000000008 b g_nvIpcBufferSize
00000000000346a8 000000000000000c b g_nvSrv
00000000000346b8 0000000000000028 b g_nvTransfermem
00000000000346e0 000000000000000c b g_fsSrv
00000000000346f0 0000000000000008 b g_refCnt
00000000000346f8 0000000000000008 b g_bufferProducerBinderSession
0000000000034700 0000000000000028 B __malloc_current_mallinfo
0000000000034728 0000000000000008 B __malloc_max_sbrked_mem
0000000000034730 0000000000000008 B __malloc_max_total_mem
0000000000034738 0000000000000008 B __malloc_top_pad
0000000000034740 000000000000000c b __malloc_recursive_mutex
0000000000034750 000000000000000c b __sfp_recursive_mutex
0000000000034760 000000000000000c b __sinit_recursive_mutex
0000000000034770 0000000000000008 b heap_start.5225
0000000000034778 0000000000000008 B fake_heap_end
0000000000034780 0000000000000008 B fake_heap_start
0000000000034788 0000000000000400 b temp_cwd
0000000000034b88 0000000000000088 B __syscalls
0000000000034c10 0000000000000004 b __hndl_lock
0000000000034c18 0000000000000068 B currentCopy
0000000000034c80 0000000000000008 B g_nvgfx_nvhostgpu_gpfifo_fence
0000000000034c88 0000000000000008 B __stack_top
0000000000034c90 0000000000000008 B __system_argv
0000000000034c98 0000000000000004 B __system_argc
0000000000034ca0 0000000000000004 B __nxlink_host
0000000000034ca8 B __tls_start
00000000000390b0 B __bss_end__
00000000000390b0 A __end__
00000000000390b0 B __tls_end
000000000003a000 A __argdata__
